<?xml version="1.0" encoding="UTF-8"?>
<!-- Generated by org.testng.reporters.JUnitReportReporter -->
<testsuite hostname="vdc01ltc2296" name="com.TestNg_Demo.Dataprovider_Demo" tests="3" failures="0" timestamp="3 Jan 2018 12:20:44 GMT" time="0.029" errors="0">
  <testcase name="test" time="0.000" classname="com.TestNg_Demo.Dataprovider_Demo"/>
  <testcase name="test" time="0.000" classname="com.TestNg_Demo.Dataprovider_Demo"/>
  <testcase name="test" time="0.029" classname="com.TestNg_Demo.Dataprovider_Demo"/>
</testsuite> <!-- com.TestNg_Demo.Dataprovider_Demo -->
