<?xml version="1.0" encoding="UTF-8"?>
<!-- Generated by org.testng.reporters.JUnitReportReporter -->
<testsuite hostname="vdc01ltc2296" name="com.ActionsClass.Demo.MouseHover_Demo" tests="1" failures="0" timestamp="27 Dec 2017 11:54:24 GMT" time="139.441" errors="0">
  <testcase name="Mousehover_SpiceJet_LoginBtn" time="139.441" classname="com.ActionsClass.Demo.MouseHover_Demo"/>
</testsuite> <!-- com.ActionsClass.Demo.MouseHover_Demo -->
