<?xml version="1.0" encoding="UTF-8"?>
<!-- Generated by org.testng.reporters.JUnitReportReporter -->
<testsuite hostname="vdc01ltc2296" name="FileDownlod_Using_Robort_Class" tests="1" failures="0" timestamp="1 Jan 2018 11:41:23 GMT" time="21.142" errors="0">
  <testcase name="Downlod_WebdriverJar" time="21.142" classname="FileDownlod_Using_Robort_Class"/>
</testsuite> <!-- FileDownlod_Using_Robort_Class -->
