<?xml version="1.0" encoding="UTF-8"?>
<!-- Generated by org.testng.reporters.JUnitReportReporter -->
<testsuite hostname="vdc01ltc2296" name="FileDownload_Demo" tests="1" failures="0" timestamp="12 Dec 2017 09:11:57 GMT" time="24.179" errors="0">
  <testcase name="testDownload" time="24.179" classname="FileDownload_Demo"/>
</testsuite> <!-- FileDownload_Demo -->
