<?xml version="1.0" encoding="UTF-8"?>
<!-- Generated by org.testng.reporters.JUnitReportReporter -->
<testsuite hostname="vdc01ltc2296" name="com.ActionsClass.Demo.KeyBoardActions_Demo" tests="4" failures="0" timestamp="29 Dec 2017 11:23:57 GMT" time="82.201" errors="0">
  <testcase name="NewTab_Ctrl_t" time="17.562" classname="com.ActionsClass.Demo.KeyBoardActions_Demo"/>
  <testcase name="BackSpace" time="16.754" classname="com.ActionsClass.Demo.KeyBoardActions_Demo"/>
  <testcase name="PageDown" time="22.541" classname="com.ActionsClass.Demo.KeyBoardActions_Demo"/>
  <testcase name="Ctrl_A" time="25.344" classname="com.ActionsClass.Demo.KeyBoardActions_Demo"/>
</testsuite> <!-- com.ActionsClass.Demo.KeyBoardActions_Demo -->
