<?xml version="1.0" encoding="UTF-8"?>
<!-- Generated by org.testng.reporters.JUnitReportReporter -->
<testsuite hostname="vdc01ltc2296" name="com.ActionsClass.Demo.KeyBoardActions_CopyAndPaste" tests="1" failures="0" timestamp="1 Jan 2018 11:17:09 GMT" time="12.094" errors="0">
  <testcase name="CopyAndPaste" time="12.094" classname="com.ActionsClass.Demo.KeyBoardActions_CopyAndPaste"/>
</testsuite> <!-- com.ActionsClass.Demo.KeyBoardActions_CopyAndPaste -->
