<?xml version="1.0" encoding="UTF-8"?>
<!-- Generated by org.testng.reporters.JUnitReportReporter -->
<testsuite hostname="vdc01ltc2296" name="com.ActionsClass.Demo.DragAndDrop_Demo" tests="1" failures="0" timestamp="27 Dec 2017 07:57:24 GMT" time="17.099" errors="0">
  <testcase name="Mousehover_SpiceJet_LoginBtn" time="17.099" classname="com.ActionsClass.Demo.DragAndDrop_Demo"/>
</testsuite> <!-- com.ActionsClass.Demo.DragAndDrop_Demo -->
