<?xml version="1.0" encoding="UTF-8"?>
<!-- Generated by org.testng.reporters.JUnitReportReporter -->
<testsuite hostname="vdc01ltc2296" name="File_Upload" tests="2" failures="0" timestamp="29 Dec 2017 12:13:58 GMT" time="14.388" errors="1">
  <testcase name="UploadFile_Using_SendKeys" time="5.692" classname="File_Upload">
    <error type="org.openqa.selenium.WebDriverException" message="Failed to connect to binary FirefoxBinary(C:\Program Files (x86)\Mozilla Firefox\firefox.exe) on port 7055; process output follows: 
abled&quot;:false,&quot;descriptor&quot;:&quot;C:\\Program Files (x86)\\Mozilla Firefox\\browser\\extensions\\{972ce4c6-7e08-4474-a285-3208198ce6fd}.xpi&quot;,&quot;installDate&quot;:1460085042000,&quot;updateDate&quot;:1460085042000,&quot;applyBackgroundUpdates&quot;:1,&quot;skinnable&quot;:true,&quot;size&quot;:22012,&quot;sourceURI&quot;:null,&quot;releaseNotesURI&quot;:null,&quot;softDisabled&quot;:false,&quot;foreignInstall&quot;:false,&quot;hasBinaryComponents&quot;:false,&quot;strictCompatibility&quot;:true,&quot;locales&quot;:[],&quot;targetApplications&quot;:[{&quot;id&quot;:&quot;{ec8030f7-c20a-464f-9b0e-13a3a9e97384}&quot;,&quot;minVersion&quot;:&quot;45.0.2&quot;,&quot;maxVersion&quot;:&quot;45.0.2&quot;}],&quot;targetPlatforms&quot;:[],&quot;seen&quot;:true}
1514549593827	addons.xpi	DEBUG	getModTime: Recursive scan of {972ce4c6-7e08-4474-a285-3208198ce6fd}
1514549593828	DeferredSave.extensions.json	DEBUG	Save changes
1514549593828	addons.xpi	DEBUG	Updating database with changes to installed add-ons
1514549593828	addons.xpi-utils	DEBUG	Updating add-on states
1514549593831	addons.xpi-utils	DEBUG	Writing add-ons list
1514549593837	addons.xpi	DEBUG	Registering manifest for C:\Program Files (x86)\Mozilla Firefox\browser\features\loop@mozilla.org.xpi
1514549593838	addons.xpi	DEBUG	Calling bootstrap method startup on loop@mozilla.org version 1.1.14
1514549593847	addons.manager	DEBUG	Starting provider: &lt;unnamed-provider&gt;
1514549593847	addons.manager	DEBUG	Registering shutdown blocker for &lt;unnamed-provider&gt;
1514549593847	addons.manager	DEBUG	Provider finished startup: &lt;unnamed-provider&gt;
1514549593853	addons.manager	DEBUG	Registering shutdown blocker for XPIProvider
1514549593854	addons.manager	DEBUG	Provider finished startup: XPIProvider
1514549593854	addons.manager	DEBUG	Starting provider: LightweightThemeManager
1514549593854	addons.manager	DEBUG	Registering shutdown blocker for LightweightThemeManager
1514549593854	addons.manager	DEBUG	Provider finished startup: LightweightThemeManager
1514549593854	addons.manager	DEBUG	Starting provider: GMPProvider
1514549593863	addons.manager	DEBUG	Registering shutdown blocker for GMPProvider
1514549593863	addons.manager	DEBUG	Provider finished startup: GMPProvider
1514549593863	addons.manager	DEBUG	Starting provider: PluginProvider
1514549593863	addons.manager	DEBUG	Registering shutdown blocker for PluginProvider
1514549593864	addons.manager	DEBUG	Provider finished startup: PluginProvider
1514549593864	addons.manager	DEBUG	Completed startup sequence
1514549594684	DeferredSave.extensions.json	DEBUG	Starting write
1514549595179	addons.repository	DEBUG	No addons.json found.
1514549595179	DeferredSave.addons.json	DEBUG	Save changes
1514549595183	DeferredSave.addons.json	DEBUG	Starting timer
1514549595208	addons.manager	DEBUG	Starting provider: PreviousExperimentProvider
1514549595208	addons.manager	DEBUG	Registering shutdown blocker for PreviousExperimentProvider
1514549595208	addons.manager	DEBUG	Provider finished startup: PreviousExperimentProvider
1514549595210	DeferredSave.extensions.json	DEBUG	Write succeeded
1514549595210	addons.xpi-utils	DEBUG	XPI Database saved, setting schema version preference to 17
1514549595411	DeferredSave.addons.json	DEBUG	Starting write
1514549595422	DeferredSave.addons.json	DEBUG	Write succeeded
1514549597563	addons.xpi	DEBUG	Calling bootstrap method shutdown on loop@mozilla.org version 1.1.14
JavaScript error: resource://app/modules/SelfSupportBackend.jsm, line 114: TypeError: this._log is null
1514549598713	addons.manager	DEBUG	shutdown
1514549598713	addons.manager	DEBUG	Calling shutdown blocker for &lt;unnamed-provider&gt;
1514549598713	addons.manager	DEBUG	Calling shutdown blocker for XPIProvider
1514549598713	addons.xpi	DEBUG	shutdown
1514549598713	addons.xpi-utils	DEBUG	shutdown
1514549598714	addons.manager	DEBUG	Calling shutdown blocker for LightweightThemeManager
1514549598714	addons.manager	DEBUG	Calling shutdown blocker for GMPProvider
1514549598715	addons.manager	DEBUG	Calling shutdown blocker for PluginProvider
1514549598716	addons.manager	DEBUG	Calling shutdown blocker for PreviousExperimentProvider
1514549598717	addons.xpi	DEBUG	Notifying XPI shutdown observers
1514549598720	addons.manager	DEBUG	Async provider shutdown done

Build info: version: &#039;2.53.0&#039;, revision: &#039;35ae25b&#039;, time: &#039;2016-03-15 16:57:40&#039;
System info: host: &#039;vdc01ltc2296&#039;, ip: &#039;172.21.251.55&#039;, os.name: &#039;Windows 8.1&#039;, os.arch: &#039;amd64&#039;, os.version: &#039;6.3&#039;, java.version: &#039;1.8.0_45&#039;
Driver info: driver.version: FirefoxDriver">
      <![CDATA[org.openqa.selenium.WebDriverException: Failed to connect to binary FirefoxBinary(C:\Program Files (x86)\Mozilla Firefox\firefox.exe) on port 7055; process output follows: 
abled":false,"descriptor":"C:\\Program Files (x86)\\Mozilla Firefox\\browser\\extensions\\{972ce4c6-7e08-4474-a285-3208198ce6fd}.xpi","installDate":1460085042000,"updateDate":1460085042000,"applyBackgroundUpdates":1,"skinnable":true,"size":22012,"sourceURI":null,"releaseNotesURI":null,"softDisabled":false,"foreignInstall":false,"hasBinaryComponents":false,"strictCompatibility":true,"locales":[],"targetApplications":[{"id":"{ec8030f7-c20a-464f-9b0e-13a3a9e97384}","minVersion":"45.0.2","maxVersion":"45.0.2"}],"targetPlatforms":[],"seen":true}
1514549593827	addons.xpi	DEBUG	getModTime: Recursive scan of {972ce4c6-7e08-4474-a285-3208198ce6fd}
1514549593828	DeferredSave.extensions.json	DEBUG	Save changes
1514549593828	addons.xpi	DEBUG	Updating database with changes to installed add-ons
1514549593828	addons.xpi-utils	DEBUG	Updating add-on states
1514549593831	addons.xpi-utils	DEBUG	Writing add-ons list
1514549593837	addons.xpi	DEBUG	Registering manifest for C:\Program Files (x86)\Mozilla Firefox\browser\features\loop@mozilla.org.xpi
1514549593838	addons.xpi	DEBUG	Calling bootstrap method startup on loop@mozilla.org version 1.1.14
1514549593847	addons.manager	DEBUG	Starting provider: <unnamed-provider>
1514549593847	addons.manager	DEBUG	Registering shutdown blocker for <unnamed-provider>
1514549593847	addons.manager	DEBUG	Provider finished startup: <unnamed-provider>
1514549593853	addons.manager	DEBUG	Registering shutdown blocker for XPIProvider
1514549593854	addons.manager	DEBUG	Provider finished startup: XPIProvider
1514549593854	addons.manager	DEBUG	Starting provider: LightweightThemeManager
1514549593854	addons.manager	DEBUG	Registering shutdown blocker for LightweightThemeManager
1514549593854	addons.manager	DEBUG	Provider finished startup: LightweightThemeManager
1514549593854	addons.manager	DEBUG	Starting provider: GMPProvider
1514549593863	addons.manager	DEBUG	Registering shutdown blocker for GMPProvider
1514549593863	addons.manager	DEBUG	Provider finished startup: GMPProvider
1514549593863	addons.manager	DEBUG	Starting provider: PluginProvider
1514549593863	addons.manager	DEBUG	Registering shutdown blocker for PluginProvider
1514549593864	addons.manager	DEBUG	Provider finished startup: PluginProvider
1514549593864	addons.manager	DEBUG	Completed startup sequence
1514549594684	DeferredSave.extensions.json	DEBUG	Starting write
1514549595179	addons.repository	DEBUG	No addons.json found.
1514549595179	DeferredSave.addons.json	DEBUG	Save changes
1514549595183	DeferredSave.addons.json	DEBUG	Starting timer
1514549595208	addons.manager	DEBUG	Starting provider: PreviousExperimentProvider
1514549595208	addons.manager	DEBUG	Registering shutdown blocker for PreviousExperimentProvider
1514549595208	addons.manager	DEBUG	Provider finished startup: PreviousExperimentProvider
1514549595210	DeferredSave.extensions.json	DEBUG	Write succeeded
1514549595210	addons.xpi-utils	DEBUG	XPI Database saved, setting schema version preference to 17
1514549595411	DeferredSave.addons.json	DEBUG	Starting write
1514549595422	DeferredSave.addons.json	DEBUG	Write succeeded
1514549597563	addons.xpi	DEBUG	Calling bootstrap method shutdown on loop@mozilla.org version 1.1.14
JavaScript error: resource://app/modules/SelfSupportBackend.jsm, line 114: TypeError: this._log is null
1514549598713	addons.manager	DEBUG	shutdown
1514549598713	addons.manager	DEBUG	Calling shutdown blocker for <unnamed-provider>
1514549598713	addons.manager	DEBUG	Calling shutdown blocker for XPIProvider
1514549598713	addons.xpi	DEBUG	shutdown
1514549598713	addons.xpi-utils	DEBUG	shutdown
1514549598714	addons.manager	DEBUG	Calling shutdown blocker for LightweightThemeManager
1514549598714	addons.manager	DEBUG	Calling shutdown blocker for GMPProvider
1514549598715	addons.manager	DEBUG	Calling shutdown blocker for PluginProvider
1514549598716	addons.manager	DEBUG	Calling shutdown blocker for PreviousExperimentProvider
1514549598717	addons.xpi	DEBUG	Notifying XPI shutdown observers
1514549598720	addons.manager	DEBUG	Async provider shutdown done

Build info: version: '2.53.0', revision: '35ae25b', time: '2016-03-15 16:57:40'
System info: host: 'vdc01ltc2296', ip: '172.21.251.55', os.name: 'Windows 8.1', os.arch: 'amd64', os.version: '6.3', java.version: '1.8.0_45'
Driver info: driver.version: FirefoxDriver
	at org.openqa.selenium.firefox.internal.NewProfileExtensionConnection.start(NewProfileExtensionConnection.java:124)
	at org.openqa.selenium.firefox.FirefoxDriver.startClient(FirefoxDriver.java:271)
	at org.openqa.selenium.remote.RemoteWebDriver.<init>(RemoteWebDriver.java:119)
	at org.openqa.selenium.firefox.FirefoxDriver.<init>(FirefoxDriver.java:218)
	at org.openqa.selenium.firefox.FirefoxDriver.<init>(FirefoxDriver.java:211)
	at org.openqa.selenium.firefox.FirefoxDriver.<init>(FirefoxDriver.java:207)
	at org.openqa.selenium.firefox.FirefoxDriver.<init>(FirefoxDriver.java:120)
	at File_Upload.browserLunc(File_Upload.java:19)
	at sun.reflect.NativeMethodAccessorImpl.invoke0(Native Method)
	at sun.reflect.NativeMethodAccessorImpl.invoke(Unknown Source)
	at sun.reflect.DelegatingMethodAccessorImpl.invoke(Unknown Source)
	at java.lang.reflect.Method.invoke(Unknown Source)
	at org.testng.internal.MethodInvocationHelper.invokeMethod(MethodInvocationHelper.java:86)
	at org.testng.internal.Invoker.invokeConfigurationMethod(Invoker.java:514)
	at org.testng.internal.Invoker.invokeConfigurations(Invoker.java:215)
	at org.testng.internal.Invoker.invokeMethod(Invoker.java:589)
	at org.testng.internal.Invoker.invokeTestMethod(Invoker.java:822)
	at org.testng.internal.Invoker.invokeTestMethods(Invoker.java:1130)
	at org.testng.internal.TestMethodWorker.invokeTestMethods(TestMethodWorker.java:129)
	at org.testng.internal.TestMethodWorker.run(TestMethodWorker.java:112)
	at org.testng.TestRunner.privateRun(TestRunner.java:782)
	at org.testng.TestRunner.run(TestRunner.java:632)
	at org.testng.SuiteRunner.runTest(SuiteRunner.java:366)
	at org.testng.SuiteRunner.runSequentially(SuiteRunner.java:361)
	at org.testng.SuiteRunner.privateRun(SuiteRunner.java:319)
	at org.testng.SuiteRunner.run(SuiteRunner.java:268)
	at org.testng.SuiteRunnerWorker.runSuite(SuiteRunnerWorker.java:52)
	at org.testng.SuiteRunnerWorker.run(SuiteRunnerWorker.java:86)
	at org.testng.TestNG.runSuitesSequentially(TestNG.java:1244)
	at org.testng.TestNG.runSuitesLocally(TestNG.java:1169)
	at org.testng.TestNG.run(TestNG.java:1064)
	at org.testng.remote.RemoteTestNG.run(RemoteTestNG.java:113)
	at org.testng.remote.RemoteTestNG.initAndRun(RemoteTestNG.java:206)
	at org.testng.remote.RemoteTestNG.main(RemoteTestNG.java:177)
Caused by: org.openqa.selenium.firefox.NotConnectedException: Unable to connect to host 127.0.0.1 on port 7055 after 45000 ms. Firefox console output:
abled":false,"descriptor":"C:\\Program Files (x86)\\Mozilla Firefox\\browser\\extensions\\{972ce4c6-7e08-4474-a285-3208198ce6fd}.xpi","installDate":1460085042000,"updateDate":1460085042000,"applyBackgroundUpdates":1,"skinnable":true,"size":22012,"sourceURI":null,"releaseNotesURI":null,"softDisabled":false,"foreignInstall":false,"hasBinaryComponents":false,"strictCompatibility":true,"locales":[],"targetApplications":[{"id":"{ec8030f7-c20a-464f-9b0e-13a3a9e97384}","minVersion":"45.0.2","maxVersion":"45.0.2"}],"targetPlatforms":[],"seen":true}
1514549593827	addons.xpi	DEBUG	getModTime: Recursive scan of {972ce4c6-7e08-4474-a285-3208198ce6fd}
1514549593828	DeferredSave.extensions.json	DEBUG	Save changes
1514549593828	addons.xpi	DEBUG	Updating database with changes to installed add-ons
1514549593828	addons.xpi-utils	DEBUG	Updating add-on states
1514549593831	addons.xpi-utils	DEBUG	Writing add-ons list
1514549593837	addons.xpi	DEBUG	Registering manifest for C:\Program Files (x86)\Mozilla Firefox\browser\features\loop@mozilla.org.xpi
1514549593838	addons.xpi	DEBUG	Calling bootstrap method startup on loop@mozilla.org version 1.1.14
1514549593847	addons.manager	DEBUG	Starting provider: <unnamed-provider>
1514549593847	addons.manager	DEBUG	Registering shutdown blocker for <unnamed-provider>
1514549593847	addons.manager	DEBUG	Provider finished startup: <unnamed-provider>
1514549593853	addons.manager	DEBUG	Registering shutdown blocker for XPIProvider
1514549593854	addons.manager	DEBUG	Provider finished startup: XPIProvider
1514549593854	addons.manager	DEBUG	Starting provider: LightweightThemeManager
1514549593854	addons.manager	DEBUG	Registering shutdown blocker for LightweightThemeManager
1514549593854	addons.manager	DEBUG	Provider finished startup: LightweightThemeManager
1514549593854	addons.manager	DEBUG	Starting provider: GMPProvider
1514549593863	addons.manager	DEBUG	Registering shutdown blocker for GMPProvider
1514549593863	addons.manager	DEBUG	Provider finished startup: GMPProvider
1514549593863	addons.manager	DEBUG	Starting provider: PluginProvider
1514549593863	addons.manager	DEBUG	Registering shutdown blocker for PluginProvider
1514549593864	addons.manager	DEBUG	Provider finished startup: PluginProvider
1514549593864	addons.manager	DEBUG	Completed startup sequence
1514549594684	DeferredSave.extensions.json	DEBUG	Starting write
1514549595179	addons.repository	DEBUG	No addons.json found.
1514549595179	DeferredSave.addons.json	DEBUG	Save changes
1514549595183	DeferredSave.addons.json	DEBUG	Starting timer
1514549595208	addons.manager	DEBUG	Starting provider: PreviousExperimentProvider
1514549595208	addons.manager	DEBUG	Registering shutdown blocker for PreviousExperimentProvider
1514549595208	addons.manager	DEBUG	Provider finished startup: PreviousExperimentProvider
1514549595210	DeferredSave.extensions.json	DEBUG	Write succeeded
1514549595210	addons.xpi-utils	DEBUG	XPI Database saved, setting schema version preference to 17
1514549595411	DeferredSave.addons.json	DEBUG	Starting write
1514549595422	DeferredSave.addons.json	DEBUG	Write succeeded
1514549597563	addons.xpi	DEBUG	Calling bootstrap method shutdown on loop@mozilla.org version 1.1.14
JavaScript error: resource://app/modules/SelfSupportBackend.jsm, line 114: TypeError: this._log is null
1514549598713	addons.manager	DEBUG	shutdown
1514549598713	addons.manager	DEBUG	Calling shutdown blocker for <unnamed-provider>
1514549598713	addons.manager	DEBUG	Calling shutdown blocker for XPIProvider
1514549598713	addons.xpi	DEBUG	shutdown
1514549598713	addons.xpi-utils	DEBUG	shutdown
1514549598714	addons.manager	DEBUG	Calling shutdown blocker for LightweightThemeManager
1514549598714	addons.manager	DEBUG	Calling shutdown blocker for GMPProvider
1514549598715	addons.manager	DEBUG	Calling shutdown blocker for PluginProvider
1514549598716	addons.manager	DEBUG	Calling shutdown blocker for PreviousExperimentProvider
1514549598717	addons.xpi	DEBUG	Notifying XPI shutdown observers
1514549598720	addons.manager	DEBUG	Async provider shutdown done

	at org.openqa.selenium.firefox.internal.NewProfileExtensionConnection.start(NewProfileExtensionConnection.java:112)
	... 33 more
]]>
    </error>
  </testcase> <!-- UploadFile_Using_SendKeys -->
  <testcase name="UploadFile_Using_AutoIt" time="8.696" classname="File_Upload"/>
</testsuite> <!-- File_Upload -->
