<?xml version="1.0" encoding="UTF-8"?>
<!-- Generated by org.testng.reporters.JUnitReportReporter -->
<testsuite hostname="vdc01ltc2296" name="com.ActionsClass.Demo.WindowHandles_Demo" tests="2" failures="0" timestamp="3 Jan 2018 12:46:19 GMT" time="49.165" errors="0">
  <testcase name="x" time="13.941" classname="com.ActionsClass.Demo.WindowHandles_Demo"/>
  <testcase name="x" time="35.224" classname="com.ActionsClass.Demo.WindowHandles_Demo"/>
</testsuite> <!-- com.ActionsClass.Demo.WindowHandles_Demo -->
