<?xml version="1.0" encoding="UTF-8"?>
<!-- Generated by org.testng.reporters.JUnitReportReporter -->
<testsuite hostname="vdc01ltc2296" name="com.ActionsClass.Demo.RightClick_DoubleClick_Demo" tests="1" failures="0" timestamp="27 Dec 2017 08:38:55 GMT" time="17.706" errors="0">
  <testcase name="RightClick_Demo" time="17.706" classname="com.ActionsClass.Demo.RightClick_DoubleClick_Demo"/>
</testsuite> <!-- com.ActionsClass.Demo.RightClick_DoubleClick_Demo -->
