<?xml version="1.0" encoding="UTF-8"?>
<!-- Generated by org.testng.reporters.JUnitReportReporter -->
<testsuite hostname="vdc01ltc2296" name="com.Log4J_Demo.Log4j_Demo_Class" tests="1" failures="0" timestamp="1 Jan 2018 12:05:18 GMT" time="21.006" errors="0">
  <testcase name="log4j_demo1" time="21.006" classname="com.Log4J_Demo.Log4j_Demo_Class"/>
</testsuite> <!-- com.Log4J_Demo.Log4j_Demo_Class -->
