<?xml version="1.0" encoding="UTF-8"?>
<!-- Generated by org.testng.reporters.JUnitReportReporter -->
<testsuite hostname="vdc01ltc2296" name="ProfileCreation_Demo" tests="1" failures="0" timestamp="14 Dec 2017 12:39:00 GMT" time="34.353" errors="0">
  <testcase name="downlod_Excel_File" time="34.353" classname="ProfileCreation_Demo"/>
</testsuite> <!-- ProfileCreation_Demo -->
